
@DescargarDocumentoZip
Scenario: Descarga de documento zip exitoso                                   [90m# src/test/resources/features/Bandeja04.feature:15[0m
  [32mGiven [0m[32mque el usuario ingresa a la plataforma Bandeja[0m                        [90m# org.swfada.Login.stepdefinition.MyStepdefinition.queElUsuarioIngresaALaPlataformaBandeja()[0m
  [32mWhen [0m[32mse inicia sesi√≥n mediante usuario [0m[32m[1m"30268264B"[0m[32m y contrase√±a [0m[32m[1m"30268264B"[0m [90m# org.swfada.Login.stepdefinition.MyStepdefinition.seIniciaSesi√≥nMedianteUsuarioYContrase√±a(java.lang.String,java.lang.String)[0m
  [32mAnd [0m[32mpresiono el boton Entrar[0m                                                [90m# org.swfada.Login.stepdefinition.MyStepdefinition.presionoElBotonEntrar()[0m
  [32mAnd [0m[32mpresiono el boton Aceptar obligaciones[0m                                  [90m# org.swfada.Login.stepdefinition.MyStepdefinition.presionoElBotonAceptarObligaciones()[0m
  [32mWhen [0m[32mselecciono el puesto de trabajo [0m[32m[1m"ANALISTA FUNCIONAL (D.G. PATRIMONIO)"[0m [90m# org.swfada.Login.stepdefinition.MyStepdefinition.seleccionoElPuestoDeTrabajo(java.lang.String)[0m
  [32mAnd [0m[32mpresiono el boton Acceder[0m                                               [90m# org.swfada.Login.stepdefinition.MyStepdefinition.presionoElBotonAcceder()[0m
  [32mThen [0m[32mvalido que me encuentro en la plataforma Bandeja[0m                       [90m# org.swfada.Login.stepdefinition.MyStepdefinition.ValidoQueMeEncuentroEnLaPlataformaBandeja()[0m
  [32mAnd [0m[32mselecciono una comunicaci√≥n de la lista[0m                                 [90m# org.swfada.Bandeja04.stepdefinition.MyStepdefinition.seleccionoUnaComunicaci√≥nDeLaLista()[0m
  [32mWhen [0m[32mpresiono el icono Informaci√≥n Detallada[0m                                [90m# org.swfada.Bandeja04.stepdefinition.MyStepdefinition.presionoElIconoInformaci√≥nDetallada()[0m
  [32mAnd [0m[32mel sistema muestra la ventana Informaci√≥n Detallada[0m                     [90m# org.swfada.Bandeja04.stepdefinition.MyStepdefinition.elSistemaMuestraLaVentanaInformaci√≥nDetallada()[0m
  [31mAnd [0m[31mpresiono el icono Descargar Dccumentos[0m                                  [90m# org.swfada.Bandeja04.stepdefinition.MyStepdefinition.presionoElIconoDescargarDccumentos()[0m
      [31mnet.thucydides.core.webdriver.exceptions.ElementShouldBeEnabledException: Expected enabled element was not enabled
	at net.serenitybdd.core.pages.WebElementFacadeImpl.waitUntilClickable(WebElementFacadeImpl.java:1112)
	at sun.reflect.NativeMethodAccessorImpl.invoke0(Native Method)
	at sun.reflect.NativeMethodAccessorImpl.invoke(NativeMethodAccessorImpl.java:62)
	at sun.reflect.DelegatingMethodAccessorImpl.invoke(DelegatingMethodAccessorImpl.java:43)
	at java.lang.reflect.Method.invoke(Method.java:498)
	at net.thucydides.core.annotations.locators.AbstractSingleItemHandler.invoke(AbstractSingleItemHandler.java:43)
	at com.sun.proxy.$Proxy55.waitUntilClickable(Unknown Source)
	at org.swfada.Bandeja04.page.MyPage.usuarioPresionaDescargarDocumentos(MyPage.java:97)
	at org.swfada.Bandeja04.step.MyStep.resionoElIconoDescargarDccumentos(MyStep.java:27)
	at org.swfada.Bandeja04.step.MyStep$ByteBuddy$knnFBqHv.resionoElIconoDescargarDccumentos$accessor$aMI8UISG(Unknown Source)
	at sun.reflect.NativeMethodAccessorImpl.invoke0(Native Method)
	at sun.reflect.NativeMethodAccessorImpl.invoke(NativeMethodAccessorImpl.java:62)
	at sun.reflect.DelegatingMethodAccessorImpl.invoke(DelegatingMethodAccessorImpl.java:43)
	at java.lang.reflect.Method.invoke(Method.java:498)
	at net.thucydides.core.steps.BaseMethodRunner.invokeMethod(BaseMethodRunner.java:18)
	at net.thucydides.core.steps.NormalMethodRunner.invokeMethodAndNotifyFailures(NormalMethodRunner.java:18)
	at net.thucydides.core.steps.StepInterceptor.runNormalMethod(StepInterceptor.java:406)
	at net.thucydides.core.steps.StepInterceptor.testStepResult(StepInterceptor.java:191)
	at net.thucydides.core.steps.StepInterceptor.intercept(StepInterceptor.java:84)
	at net.thucydides.core.steps.ProxyConfiguration$InterceptorDispatcher.intercept(ProxyConfiguration.java:51)
	at org.swfada.Bandeja04.step.MyStep$ByteBuddy$knnFBqHv.resionoElIconoDescargarDccumentos(Unknown Source)
	at org.swfada.Bandeja04.stepdefinition.MyStepdefinition.presionoElIconoDescargarDccumentos(MyStepdefinition.java:33)
	at ‚úΩ.presiono el icono Descargar Dccumentos(file:///C:/Users/lmanriqp/Documents/GitHub/SWFADA-Bandeja/src/test/resources/features/Bandeja04.feature:19)
Caused by: org.openqa.selenium.TimeoutException: Expected condition failed: waiting for MyPage.btnDescargarDocumento to be clickable (tried for 5 second(s) with 100 milliseconds interval)
	at org.openqa.selenium.support.ui.FluentWait.timeoutException(FluentWait.java:263)
	at org.openqa.selenium.support.ui.FluentWait.until(FluentWait.java:231)
	at net.serenitybdd.core.pages.WebElementFacadeImpl.waitUntilClickable(WebElementFacadeImpl.java:1109)
	at sun.reflect.NativeMethodAccessorImpl.invoke0(Native Method)
	at sun.reflect.NativeMethodAccessorImpl.invoke(NativeMethodAccessorImpl.java:62)
	at sun.reflect.DelegatingMethodAccessorImpl.invoke(DelegatingMethodAccessorImpl.java:43)
	at java.lang.reflect.Method.invoke(Method.java:498)
	at net.thucydides.core.annotations.locators.AbstractSingleItemHandler.invoke(AbstractSingleItemHandler.java:43)
	at com.sun.proxy.$Proxy55.waitUntilClickable(Unknown Source)
	at org.swfada.Bandeja04.page.MyPage.usuarioPresionaDescargarDocumentos(MyPage.java:97)
	at org.swfada.Bandeja04.step.MyStep.resionoElIconoDescargarDccumentos(MyStep.java:27)
	at org.swfada.Bandeja04.step.MyStep$ByteBuddy$knnFBqHv.resionoElIconoDescargarDccumentos$accessor$aMI8UISG(Unknown Source)
	at sun.reflect.NativeMethodAccessorImpl.invoke0(Native Method)
	at sun.reflect.NativeMethodAccessorImpl.invoke(NativeMethodAccessorImpl.java:62)
	at sun.reflect.DelegatingMethodAccessorImpl.invoke(DelegatingMethodAccessorImpl.java:43)
	at java.lang.reflect.Method.invoke(Method.java:498)
	at net.thucydides.core.steps.BaseMethodRunner.invokeMethod(BaseMethodRunner.java:18)
	at net.thucydides.core.steps.NormalMethodRunner.invokeMethodAndNotifyFailures(NormalMethodRunner.java:18)
	at net.thucydides.core.steps.StepInterceptor.runNormalMethod(StepInterceptor.java:406)
	at net.thucydides.core.steps.StepInterceptor.testStepResult(StepInterceptor.java:191)
	at net.thucydides.core.steps.StepInterceptor.intercept(StepInterceptor.java:84)
	at net.thucydides.core.steps.ProxyConfiguration$InterceptorDispatcher.intercept(ProxyConfiguration.java:51)
	at org.swfada.Bandeja04.step.MyStep$ByteBuddy$knnFBqHv.resionoElIconoDescargarDccumentos(Unknown Source)
	at org.swfada.Bandeja04.stepdefinition.MyStepdefinition.presionoElIconoDescargarDccumentos(MyStepdefinition.java:33)
	at sun.reflect.NativeMethodAccessorImpl.invoke0(Native Method)
	at sun.reflect.NativeMethodAccessorImpl.invoke(NativeMethodAccessorImpl.java:62)
	at sun.reflect.DelegatingMethodAccessorImpl.invoke(DelegatingMethodAccessorImpl.java:43)
	at java.lang.reflect.Method.invoke(Method.java:498)
	at io.cucumber.java.Invoker.doInvoke(Invoker.java:66)
	at io.cucumber.java.Invoker.invoke(Invoker.java:24)
	at io.cucumber.java.AbstractGlueDefinition.invokeMethod(AbstractGlueDefinition.java:47)
	at io.cucumber.java.JavaStepDefinition.execute(JavaStepDefinition.java:29)
	at io.cucumber.core.runner.CoreStepDefinition.execute(CoreStepDefinition.java:66)
	at io.cucumber.core.runner.PickleStepDefinitionMatch.runStep(PickleStepDefinitionMatch.java:63)
	at io.cucumber.core.runner.ExecutionMode$1.execute(ExecutionMode.java:10)
	at io.cucumber.core.runner.TestStep.executeStep(TestStep.java:86)
	at io.cucumber.core.runner.TestStep.run(TestStep.java:57)
	at io.cucumber.core.runner.PickleStepTestStep.run(PickleStepTestStep.java:51)
	at io.cucumber.core.runner.TestCase.run(TestCase.java:95)
	at io.cucumber.core.runner.Runner.runPickle(Runner.java:75)
	at io.cucumber.junit.PickleRunners$WithStepDescriptions.lambda$run$1(PickleRunners.java:109)
	at io.cucumber.core.runtime.CucumberExecutionContext.lambda$runTestCase$3(CucumberExecutionContext.java:151)
	at io.cucumber.core.runtime.RethrowingThrowableCollector.executeAndThrow(RethrowingThrowableCollector.java:23)
	at io.cucumber.core.runtime.CucumberExecutionContext.runTestCase(CucumberExecutionContext.java:151)
	at io.cucumber.junit.PickleRunners$WithStepDescriptions.run(PickleRunners.java:106)
	at io.cucumber.junit.FeatureRunner.runChild(FeatureRunner.java:144)
	at io.cucumber.junit.FeatureRunner.runChild(FeatureRunner.java:28)
	at org.junit.runners.ParentRunner$4.run(ParentRunner.java:331)
	at org.junit.runners.ParentRunner$1.schedule(ParentRunner.java:79)
	at org.junit.runners.ParentRunner.runChildren(ParentRunner.java:329)
	at org.junit.runners.ParentRunner.access$100(ParentRunner.java:66)
	at org.junit.runners.ParentRunner$2.evaluate(ParentRunner.java:293)
	at org.junit.runners.ParentRunner$3.evaluate(ParentRunner.java:306)
	at org.junit.runners.ParentRunner.run(ParentRunner.java:413)
	at io.cucumber.junit.FeatureRunner.run(FeatureRunner.java:137)
	at io.cucumber.junit.CucumberSerenityRunner.runChild(CucumberSerenityRunner.java:258)
	at io.cucumber.junit.CucumberSerenityRunner.runChild(CucumberSerenityRunner.java:58)
	at org.junit.runners.ParentRunner$4.run(ParentRunner.java:331)
	at org.junit.runners.ParentRunner$1.schedule(ParentRunner.java:79)
	at org.junit.runners.ParentRunner.runChildren(ParentRunner.java:329)
	at org.junit.runners.ParentRunner.access$100(ParentRunner.java:66)
	at org.junit.runners.ParentRunner$2.evaluate(ParentRunner.java:293)
	at io.cucumber.junit.CucumberSerenityRunner$RunCucumber.evaluate(CucumberSerenityRunner.java:287)
	at org.junit.runners.ParentRunner$3.evaluate(ParentRunner.java:306)
	at org.junit.runners.ParentRunner.run(ParentRunner.java:413)
	at org.junit.runner.JUnitCore.run(JUnitCore.java:137)
	at com.intellij.junit4.JUnit4IdeaTestRunner.startRunnerWithArgs(JUnit4IdeaTestRunner.java:69)
	at com.intellij.rt.junit.IdeaTestRunner$Repeater$1.execute(IdeaTestRunner.java:38)
	at com.intellij.rt.execution.junit.TestsRepeater.repeat(TestsRepeater.java:11)
	at com.intellij.rt.junit.IdeaTestRunner$Repeater.startRunnerWithArgs(IdeaTestRunner.java:35)
	at com.intellij.rt.junit.JUnitStarter.prepareStreamsAndStart(JUnitStarter.java:232)
	at com.intellij.rt.junit.JUnitStarter.main(JUnitStarter.java:55)
Caused by: org.openqa.selenium.NoSuchElementException: Timed out after 15 seconds. Element not found
For documentation on this error, please visit: https://selenium.dev/exceptions/#no_such_element
Build info: version: '4.1.2', revision: '9a5a329c5a'
System info: host: 'TRJ-340FMG3', ip: '192.168.100.11', os.name: 'Windows 10', os.arch: 'amd64', os.version: '10.0', java.version: '1.8.0_361'
Driver info: driver.version: unknown
	at net.thucydides.core.annotations.locators.SmartAjaxElementLocator.ajaxFindElement(SmartAjaxElementLocator.java:164)
	at net.thucydides.core.annotations.locators.SmartAjaxElementLocator.findElement(SmartAjaxElementLocator.java:116)
	at net.serenitybdd.core.pages.WebElementResolverByElementLocator.resolveForDriver(WebElementResolverByElementLocator.java:29)
	at net.serenitybdd.core.pages.WebElementFacadeImpl.getResolvedElement(WebElementFacadeImpl.java:191)
	at net.serenitybdd.core.pages.WebElementFacadeImpl.getElement(WebElementFacadeImpl.java:186)
	at net.serenitybdd.core.pages.WebElementExpectations$5.apply(WebElementExpectations.java:106)
	at net.serenitybdd.core.pages.WebElementExpectations$5.apply(WebElementExpectations.java:98)
	at org.openqa.selenium.support.ui.FluentWait.until(FluentWait.java:208)
	... 70 more
[0m
  [36mThen [0m[36mvalido el documento descargado[0m                                         [90m# org.swfada.Bandeja04.stepdefinition.MyStepdefinition.validoElDocumentoDescargado()[0m
